<?xml version="1.0" encoding="UTF-8"?>
<!-- Generated by org.testng.reporters.JUnitXMLReporter -->
<testsuite hostname="administrators-MacBook-Pro.local" name="Test" tests="7" failures="2" timestamp="7 May 2017 22:36:21 GMT" time="192.051" errors="0">
  <testcase name="testLogin" time="19.536" classname="FacebookLogin.HappyPath"/>
  <testcase name="testSearchExist" time="7.74" classname="Search.HappyPath"/>
  <testcase name="testSearchdDontExist" time="3.604" classname="Search.HappyPath"/>
  <testcase name="PDPElementsExists" time="8.288" classname="ProductDescriptionPage.HappyPath"/>
  <testcase name="favorites" time="2.673" classname="ProductDescriptionPage.HappyPath">
    <failure type="java.lang.AssertionError" message="expected [true] but found [false]">
      <![CDATA[java.lang.AssertionError: expected [true] but found [false]
	at ProductDescriptionPage.HappyPath.favorites(HappyPath.java:184)
... Removed 28 stack frames]]>
    </failure>
  </testcase> <!-- favorites -->
  <testcase name="multiImagesIfExists" time="2.185" classname="ProductDescriptionPage.HappyPath"/>
  <testcase name="qauntityButton" time="33.185" classname="ProductDescriptionPage.HappyPath">
    <failure type="java.lang.AssertionError" message="expected [true] but found [false]">
      <![CDATA[java.lang.AssertionError: expected [true] but found [false]
	at ProductDescriptionPage.HappyPath.qauntityButton(HappyPath.java:156)
... Removed 28 stack frames]]>
    </failure>
  </testcase> <!-- qauntityButton -->
</testsuite> <!-- Test -->
