<?xml version="1.0" encoding="UTF-8"?>
<testng-results skipped="6" failed="0" total="7" passed="1">
  <reporter-output>
  </reporter-output>
  <suite name="Suite" duration-ms="135360" started-at="2017-04-29T21:54:30Z" finished-at="2017-04-29T21:56:45Z">
    <groups>
    </groups>
    <test name="Test" duration-ms="135360" started-at="2017-04-29T21:54:30Z" finished-at="2017-04-29T21:56:45Z">
      <class name="FacebookLogin.HappyPath">
        <test-method status="PASS" signature="beforeClass()[pri:0, instance:FacebookLogin.HappyPath@2096442d]" name="beforeClass" is-config="true" duration-ms="6720" started-at="2017-04-30T01:54:30Z" finished-at="2017-04-30T01:54:37Z">
          <reporter-output>
          </reporter-output>
        </test-method> <!-- beforeClass -->
        <test-method status="PASS" signature="testLogin()[pri:0, instance:FacebookLogin.HappyPath@2096442d]" name="testLogin" duration-ms="33081" started-at="2017-04-30T01:54:37Z" finished-at="2017-04-30T01:55:10Z">
          <reporter-output>
          </reporter-output>
        </test-method> <!-- testLogin -->
        <test-method status="PASS" signature="afterClass()[pri:0, instance:FacebookLogin.HappyPath@2096442d]" name="afterClass" is-config="true" duration-ms="727" started-at="2017-04-30T01:55:10Z" finished-at="2017-04-30T01:55:11Z">
          <reporter-output>
          </reporter-output>
        </test-method> <!-- afterClass -->
      </class> <!-- FacebookLogin.HappyPath -->
      <class name="ProductDescriptionPage.HappyPath">
        <test-method status="FAIL" signature="setUp()[pri:0, instance:ProductDescriptionPage.HappyPath@737996a0]" name="setUp" is-config="true" duration-ms="0" started-at="2017-04-30T01:55:32Z" finished-at="2017-04-30T01:55:32Z">
          <exception class="org.openqa.selenium.WebDriverException">
            <message>
              <![CDATA[unknown error: Element <button type="button" class="close" data-dismiss="modal" aria-label="Close">...</button> is not clickable at point (925, 80). Other element would receive the click: <div id="onesignal-popover-container" class="onesignal-popover-container onesignal-reset slide-down close-popover">...</div>
  (Session info: chrome=58.0.3029.81)
  (Driver info: chromedriver=2.29.461585 (0be2cd95f834e9ee7c46bcc7cf405b483f5ae83b),platform=Mac OS X 10.12.4 x86_64) (WARNING: The server did not provide any stacktrace information)
Command duration or timeout: 42 milliseconds
Build info: version: '2.45.0', revision: '5017cb8e7ca8e37638dc3091b2440b90a1d8686f', time: '2015-02-27 09:10:26'
System info: host: 'administrators-MacBook-Pro.local', ip: '127.0.0.1', os.name: 'Mac OS X', os.arch: 'x86_64', os.version: '10.12.4', java.version: '1.8.0_121'
Driver info: org.openqa.selenium.chrome.ChromeDriver
Capabilities [{applicationCacheEnabled=false, rotatable=false, mobileEmulationEnabled=false, networkConnectionEnabled=false, chrome={chromedriverVersion=2.29.461585 (0be2cd95f834e9ee7c46bcc7cf405b483f5ae83b), userDataDir=/var/folders/6b/893n5rxn1j9fjbyt0_3wmdvr0000gp/T/.org.chromium.Chromium.UeLrqQ}, takesHeapSnapshot=true, pageLoadStrategy=normal, databaseEnabled=false, handlesAlerts=true, hasTouchScreen=false, version=58.0.3029.81, platform=MAC, browserConnectionEnabled=false, nativeEvents=true, acceptSslCerts=true, locationContextEnabled=true, webStorageEnabled=true, browserName=chrome, takesScreenshot=true, javascriptEnabled=true, cssSelectorsEnabled=true, unexpectedAlertBehaviour=}]
Session ID: 575eb2cdf3235e9e778fa22b8a642045]]>
            </message>
            <full-stacktrace>
              <![CDATA[org.openqa.selenium.WebDriverException: unknown error: Element <button type="button" class="close" data-dismiss="modal" aria-label="Close">...</button> is not clickable at point (925, 80). Other element would receive the click: <div id="onesignal-popover-container" class="onesignal-popover-container onesignal-reset slide-down close-popover">...</div>
  (Session info: chrome=58.0.3029.81)
  (Driver info: chromedriver=2.29.461585 (0be2cd95f834e9ee7c46bcc7cf405b483f5ae83b),platform=Mac OS X 10.12.4 x86_64) (WARNING: The server did not provide any stacktrace information)
Command duration or timeout: 42 milliseconds
Build info: version: '2.45.0', revision: '5017cb8e7ca8e37638dc3091b2440b90a1d8686f', time: '2015-02-27 09:10:26'
System info: host: 'administrators-MacBook-Pro.local', ip: '127.0.0.1', os.name: 'Mac OS X', os.arch: 'x86_64', os.version: '10.12.4', java.version: '1.8.0_121'
Driver info: org.openqa.selenium.chrome.ChromeDriver
Capabilities [{applicationCacheEnabled=false, rotatable=false, mobileEmulationEnabled=false, networkConnectionEnabled=false, chrome={chromedriverVersion=2.29.461585 (0be2cd95f834e9ee7c46bcc7cf405b483f5ae83b), userDataDir=/var/folders/6b/893n5rxn1j9fjbyt0_3wmdvr0000gp/T/.org.chromium.Chromium.UeLrqQ}, takesHeapSnapshot=true, pageLoadStrategy=normal, databaseEnabled=false, handlesAlerts=true, hasTouchScreen=false, version=58.0.3029.81, platform=MAC, browserConnectionEnabled=false, nativeEvents=true, acceptSslCerts=true, locationContextEnabled=true, webStorageEnabled=true, browserName=chrome, takesScreenshot=true, javascriptEnabled=true, cssSelectorsEnabled=true, unexpectedAlertBehaviour=}]
Session ID: 575eb2cdf3235e9e778fa22b8a642045
	at sun.reflect.NativeConstructorAccessorImpl.newInstance0(Native Method)
	at sun.reflect.NativeConstructorAccessorImpl.newInstance(NativeConstructorAccessorImpl.java:62)
	at sun.reflect.DelegatingConstructorAccessorImpl.newInstance(DelegatingConstructorAccessorImpl.java:45)
	at java.lang.reflect.Constructor.newInstance(Constructor.java:423)
	at org.openqa.selenium.remote.ErrorHandler.createThrowable(ErrorHandler.java:204)
	at org.openqa.selenium.remote.ErrorHandler.throwIfResponseFailed(ErrorHandler.java:156)
	at org.openqa.selenium.remote.RemoteWebDriver.execute(RemoteWebDriver.java:599)
	at org.openqa.selenium.remote.RemoteWebElement.execute(RemoteWebElement.java:268)
	at org.openqa.selenium.remote.RemoteWebElement.click(RemoteWebElement.java:79)
	at ProductDescriptionPage.HappyPath.setUp(HappyPath.java:52)
	at sun.reflect.NativeMethodAccessorImpl.invoke0(Native Method)
	at sun.reflect.NativeMethodAccessorImpl.invoke(NativeMethodAccessorImpl.java:62)
	at sun.reflect.DelegatingMethodAccessorImpl.invoke(DelegatingMethodAccessorImpl.java:43)
	at java.lang.reflect.Method.invoke(Method.java:498)
	at org.testng.internal.MethodInvocationHelper.invokeMethod(MethodInvocationHelper.java:80)
	at org.testng.internal.Invoker.invokeConfigurationMethod(Invoker.java:564)
	at org.testng.internal.Invoker.invokeConfigurations(Invoker.java:213)
	at org.testng.internal.Invoker.invokeConfigurations(Invoker.java:138)
	at org.testng.internal.TestMethodWorker.invokeBeforeClassMethods(TestMethodWorker.java:175)
	at org.testng.internal.TestMethodWorker.run(TestMethodWorker.java:107)
	at org.testng.TestRunner.privateRun(TestRunner.java:767)
	at org.testng.TestRunner.run(TestRunner.java:617)
	at org.testng.SuiteRunner.runTest(SuiteRunner.java:334)
	at org.testng.SuiteRunner.runSequentially(SuiteRunner.java:329)
	at org.testng.SuiteRunner.privateRun(SuiteRunner.java:291)
	at org.testng.SuiteRunner.run(SuiteRunner.java:240)
	at org.testng.SuiteRunnerWorker.runSuite(SuiteRunnerWorker.java:52)
	at org.testng.SuiteRunnerWorker.run(SuiteRunnerWorker.java:86)
	at org.testng.TestNG.runSuitesSequentially(TestNG.java:1198)
	at org.testng.TestNG.runSuitesLocally(TestNG.java:1123)
	at org.testng.TestNG.run(TestNG.java:1031)
	at org.apache.maven.surefire.testng.TestNGExecutor.run(TestNGExecutor.java:177)
	at org.apache.maven.surefire.testng.TestNGXmlTestSuite.execute(TestNGXmlTestSuite.java:92)
	at org.apache.maven.surefire.testng.TestNGProvider.invoke(TestNGProvider.java:105)
	at sun.reflect.NativeMethodAccessorImpl.invoke0(Native Method)
	at sun.reflect.NativeMethodAccessorImpl.invoke(NativeMethodAccessorImpl.java:62)
	at sun.reflect.DelegatingMethodAccessorImpl.invoke(DelegatingMethodAccessorImpl.java:43)
	at java.lang.reflect.Method.invoke(Method.java:498)
	at org.apache.maven.surefire.util.ReflectionUtils.invokeMethodWithArray(ReflectionUtils.java:189)
	at org.apache.maven.surefire.booter.ProviderFactory$ProviderProxy.invoke(ProviderFactory.java:165)
	at org.apache.maven.surefire.booter.ProviderFactory.invokeProvider(ProviderFactory.java:85)
	at org.apache.maven.surefire.booter.ForkedBooter.runSuitesInProcess(ForkedBooter.java:103)
	at org.apache.maven.surefire.booter.ForkedBooter.main(ForkedBooter.java:74)
]]>
            </full-stacktrace>
          </exception> <!-- org.openqa.selenium.WebDriverException -->
          <reporter-output>
          </reporter-output>
        </test-method> <!-- setUp -->
        <test-method status="SKIP" signature="Favorites()[pri:0, instance:ProductDescriptionPage.HappyPath@737996a0]" name="Favorites" duration-ms="0" started-at="2017-04-30T01:56:45Z" finished-at="2017-04-30T01:56:45Z">
          <reporter-output>
          </reporter-output>
        </test-method> <!-- Favorites -->
        <test-method status="SKIP" signature="PDPElementsExists()[pri:0, instance:ProductDescriptionPage.HappyPath@737996a0]" name="PDPElementsExists" duration-ms="0" started-at="2017-04-30T01:56:45Z" finished-at="2017-04-30T01:56:45Z">
          <reporter-output>
          </reporter-output>
        </test-method> <!-- PDPElementsExists -->
        <test-method status="SKIP" signature="MultiImagesIfExists()[pri:0, instance:ProductDescriptionPage.HappyPath@737996a0]" name="MultiImagesIfExists" duration-ms="0" started-at="2017-04-30T01:56:45Z" finished-at="2017-04-30T01:56:45Z">
          <reporter-output>
          </reporter-output>
        </test-method> <!-- MultiImagesIfExists -->
        <test-method status="PASS" signature="tearDown()[pri:0, instance:ProductDescriptionPage.HappyPath@737996a0]" name="tearDown" is-config="true" duration-ms="566" started-at="2017-04-30T01:56:45Z" finished-at="2017-04-30T01:56:45Z">
          <reporter-output>
          </reporter-output>
        </test-method> <!-- tearDown -->
        <test-method status="SKIP" signature="QauntityButton()[pri:0, instance:ProductDescriptionPage.HappyPath@737996a0]" name="QauntityButton" duration-ms="0" started-at="2017-04-30T01:56:45Z" finished-at="2017-04-30T01:56:45Z">
          <reporter-output>
          </reporter-output>
        </test-method> <!-- QauntityButton -->
      </class> <!-- ProductDescriptionPage.HappyPath -->
      <class name="Search.HappyPath">
        <test-method status="FAIL" signature="setUp()[pri:0, instance:Search.HappyPath@67b6d4ae]" name="setUp" is-config="true" duration-ms="0" started-at="2017-04-30T01:55:11Z" finished-at="2017-04-30T01:55:11Z">
          <exception class="java.lang.NullPointerException">
            <full-stacktrace>
              <![CDATA[java.lang.NullPointerException
	at Search.HappyPath.TakeScreenShot(HappyPath.java:119)
	at Search.HappyPath.setUp(HappyPath.java:40)
	at sun.reflect.NativeMethodAccessorImpl.invoke0(Native Method)
	at sun.reflect.NativeMethodAccessorImpl.invoke(NativeMethodAccessorImpl.java:62)
	at sun.reflect.DelegatingMethodAccessorImpl.invoke(DelegatingMethodAccessorImpl.java:43)
	at java.lang.reflect.Method.invoke(Method.java:498)
	at org.testng.internal.MethodInvocationHelper.invokeMethod(MethodInvocationHelper.java:80)
	at org.testng.internal.Invoker.invokeConfigurationMethod(Invoker.java:564)
	at org.testng.internal.Invoker.invokeConfigurations(Invoker.java:213)
	at org.testng.internal.Invoker.invokeConfigurations(Invoker.java:138)
	at org.testng.internal.TestMethodWorker.invokeBeforeClassMethods(TestMethodWorker.java:175)
	at org.testng.internal.TestMethodWorker.run(TestMethodWorker.java:107)
	at org.testng.TestRunner.privateRun(TestRunner.java:767)
	at org.testng.TestRunner.run(TestRunner.java:617)
	at org.testng.SuiteRunner.runTest(SuiteRunner.java:334)
	at org.testng.SuiteRunner.runSequentially(SuiteRunner.java:329)
	at org.testng.SuiteRunner.privateRun(SuiteRunner.java:291)
	at org.testng.SuiteRunner.run(SuiteRunner.java:240)
	at org.testng.SuiteRunnerWorker.runSuite(SuiteRunnerWorker.java:52)
	at org.testng.SuiteRunnerWorker.run(SuiteRunnerWorker.java:86)
	at org.testng.TestNG.runSuitesSequentially(TestNG.java:1198)
	at org.testng.TestNG.runSuitesLocally(TestNG.java:1123)
	at org.testng.TestNG.run(TestNG.java:1031)
	at org.apache.maven.surefire.testng.TestNGExecutor.run(TestNGExecutor.java:177)
	at org.apache.maven.surefire.testng.TestNGXmlTestSuite.execute(TestNGXmlTestSuite.java:92)
	at org.apache.maven.surefire.testng.TestNGProvider.invoke(TestNGProvider.java:105)
	at sun.reflect.NativeMethodAccessorImpl.invoke0(Native Method)
	at sun.reflect.NativeMethodAccessorImpl.invoke(NativeMethodAccessorImpl.java:62)
	at sun.reflect.DelegatingMethodAccessorImpl.invoke(DelegatingMethodAccessorImpl.java:43)
	at java.lang.reflect.Method.invoke(Method.java:498)
	at org.apache.maven.surefire.util.ReflectionUtils.invokeMethodWithArray(ReflectionUtils.java:189)
	at org.apache.maven.surefire.booter.ProviderFactory$ProviderProxy.invoke(ProviderFactory.java:165)
	at org.apache.maven.surefire.booter.ProviderFactory.invokeProvider(ProviderFactory.java:85)
	at org.apache.maven.surefire.booter.ForkedBooter.runSuitesInProcess(ForkedBooter.java:103)
	at org.apache.maven.surefire.booter.ForkedBooter.main(ForkedBooter.java:74)
]]>
            </full-stacktrace>
          </exception> <!-- java.lang.NullPointerException -->
          <reporter-output>
          </reporter-output>
        </test-method> <!-- setUp -->
        <test-method status="SKIP" signature="testSearchExist()[pri:0, instance:Search.HappyPath@67b6d4ae]" name="testSearchExist" duration-ms="0" started-at="2017-04-30T01:55:32Z" finished-at="2017-04-30T01:55:32Z">
          <reporter-output>
          </reporter-output>
        </test-method> <!-- testSearchExist -->
        <test-method status="PASS" signature="tearDown()[pri:0, instance:Search.HappyPath@67b6d4ae]" name="tearDown" is-config="true" duration-ms="566" started-at="2017-04-30T01:55:32Z" finished-at="2017-04-30T01:55:32Z">
          <reporter-output>
          </reporter-output>
        </test-method> <!-- tearDown -->
        <test-method status="SKIP" signature="testSearchdDontExist()[pri:0, instance:Search.HappyPath@67b6d4ae]" name="testSearchdDontExist" duration-ms="0" started-at="2017-04-30T01:55:32Z" finished-at="2017-04-30T01:55:32Z">
          <reporter-output>
          </reporter-output>
        </test-method> <!-- testSearchdDontExist -->
      </class> <!-- Search.HappyPath -->
    </test> <!-- Test -->
  </suite> <!-- Suite -->
</testng-results>
