<?xml version="1.0" encoding="UTF-8" ?>
<testsuite tests="9" failures="2" name="TestSuite" time="161.148" errors="0" skipped="6">
  <properties>
[...]
</properties>
  <testcase classname="FacebookLogin.HappyPath" name="testLogin" time="33.081"/>
  <testcase classname="Search.HappyPath" name="setUp" time="55.03">
    <failure type="java.lang.NullPointerException">java.lang.NullPointerException
	at Search.HappyPath.TakeScreenShot(HappyPath.java:119)
	at Search.HappyPath.setUp(HappyPath.java:40)
</failure>
    <system-err>Starting ChromeDriver 2.29.461585 (0be2cd95f834e9ee7c46bcc7cf405b483f5ae83b) on port 24719
Only local connections are allowed.
</system-err>
  </testcase>
  <testcase classname="Search.HappyPath" name="testSearchExist" time="0">
    <skipped/>
  </testcase>
  <testcase classname="Search.HappyPath" name="testSearchdDontExist" time="0">
    <skipped/>
  </testcase>
  <testcase classname="ProductDescriptionPage.HappyPath" name="setUp" time="73.037">
    <failure message="unknown error: Element &lt;button type=&quot;button&quot; class=&quot;close&quot; data-dismiss=&quot;modal&quot; aria-label=&quot;Close&quot;&gt;...&lt;/button&gt; is not clickable at point (925, 80). Other element would receive the click: &lt;div id=&quot;onesignal-popover-container&quot; class=&quot;onesignal-popover-container onesignal-reset slide-down close-popover&quot;&gt;...&lt;/div&gt;
  (Session info: chrome=58.0.3029.81)
  (Driver info: chromedriver=2.29.461585 (0be2cd95f834e9ee7c46bcc7cf405b483f5ae83b),platform=Mac OS X 10.12.4 x86_64) (WARNING: The server did not provide any stacktrace information)
Command duration or timeout: 42 milliseconds
Build info: version: &apos;2.45.0&apos;, revision: &apos;5017cb8e7ca8e37638dc3091b2440b90a1d8686f&apos;, time: &apos;2015-02-27 09:10:26&apos;
System info: host: &apos;administrators-MacBook-Pro.local&apos;, ip: &apos;127.0.0.1&apos;, os.name: &apos;Mac OS X&apos;, os.arch: &apos;x86_64&apos;, os.version: &apos;10.12.4&apos;, java.version: &apos;1.8.0_121&apos;
Driver info: org.openqa.selenium.chrome.ChromeDriver
Capabilities [{applicationCacheEnabled=false, rotatable=false, mobileEmulationEnabled=false, networkConnectionEnabled=false, chrome={chromedriverVersion=2.29.461585 (0be2cd95f834e9ee7c46bcc7cf405b483f5ae83b), userDataDir=/var/folders/6b/893n5rxn1j9fjbyt0_3wmdvr0000gp/T/.org.chromium.Chromium.UeLrqQ}, takesHeapSnapshot=true, pageLoadStrategy=normal, databaseEnabled=false, handlesAlerts=true, hasTouchScreen=false, version=58.0.3029.81, platform=MAC, browserConnectionEnabled=false, nativeEvents=true, acceptSslCerts=true, locationContextEnabled=true, webStorageEnabled=true, browserName=chrome, takesScreenshot=true, javascriptEnabled=true, cssSelectorsEnabled=true, unexpectedAlertBehaviour=}]
Session ID: 575eb2cdf3235e9e778fa22b8a642045" type="org.openqa.selenium.WebDriverException">org.openqa.selenium.WebDriverException: unknown error: Element &lt;button type=&quot;button&quot; class=&quot;close&quot; data-dismiss=&quot;modal&quot; aria-label=&quot;Close&quot;&gt;...&lt;/button&gt; is not clickable at point (925, 80). Other element would receive the click: &lt;div id=&quot;onesignal-popover-container&quot; class=&quot;onesignal-popover-container onesignal-reset slide-down close-popover&quot;&gt;...&lt;/div&gt;
  (Session info: chrome=58.0.3029.81)
  (Driver info: chromedriver=2.29.461585 (0be2cd95f834e9ee7c46bcc7cf405b483f5ae83b),platform=Mac OS X 10.12.4 x86_64) (WARNING: The server did not provide any stacktrace information)
Command duration or timeout: 42 milliseconds
Build info: version: &apos;2.45.0&apos;, revision: &apos;5017cb8e7ca8e37638dc3091b2440b90a1d8686f&apos;, time: &apos;2015-02-27 09:10:26&apos;
System info: host: &apos;administrators-MacBook-Pro.local&apos;, ip: &apos;127.0.0.1&apos;, os.name: &apos;Mac OS X&apos;, os.arch: &apos;x86_64&apos;, os.version: &apos;10.12.4&apos;, java.version: &apos;1.8.0_121&apos;
Driver info: org.openqa.selenium.chrome.ChromeDriver
Capabilities [{applicationCacheEnabled=false, rotatable=false, mobileEmulationEnabled=false, networkConnectionEnabled=false, chrome={chromedriverVersion=2.29.461585 (0be2cd95f834e9ee7c46bcc7cf405b483f5ae83b), userDataDir=/var/folders/6b/893n5rxn1j9fjbyt0_3wmdvr0000gp/T/.org.chromium.Chromium.UeLrqQ}, takesHeapSnapshot=true, pageLoadStrategy=normal, databaseEnabled=false, handlesAlerts=true, hasTouchScreen=false, version=58.0.3029.81, platform=MAC, browserConnectionEnabled=false, nativeEvents=true, acceptSslCerts=true, locationContextEnabled=true, webStorageEnabled=true, browserName=chrome, takesScreenshot=true, javascriptEnabled=true, cssSelectorsEnabled=true, unexpectedAlertBehaviour=}]
Session ID: 575eb2cdf3235e9e778fa22b8a642045
	at sun.reflect.NativeConstructorAccessorImpl.newInstance0(Native Method)
	at sun.reflect.NativeConstructorAccessorImpl.newInstance(NativeConstructorAccessorImpl.java:62)
	at sun.reflect.DelegatingConstructorAccessorImpl.newInstance(DelegatingConstructorAccessorImpl.java:45)
	at java.lang.reflect.Constructor.newInstance(Constructor.java:423)
	at org.openqa.selenium.remote.ErrorHandler.createThrowable(ErrorHandler.java:204)
	at org.openqa.selenium.remote.ErrorHandler.throwIfResponseFailed(ErrorHandler.java:156)
	at org.openqa.selenium.remote.RemoteWebDriver.execute(RemoteWebDriver.java:599)
	at org.openqa.selenium.remote.RemoteWebElement.execute(RemoteWebElement.java:268)
	at org.openqa.selenium.remote.RemoteWebElement.click(RemoteWebElement.java:79)
	at ProductDescriptionPage.HappyPath.setUp(HappyPath.java:52)
</failure>
    <system-err>Starting ChromeDriver 2.29.461585 (0be2cd95f834e9ee7c46bcc7cf405b483f5ae83b) on port 29115
Only local connections are allowed.
</system-err>
  </testcase>
  <testcase classname="ProductDescriptionPage.HappyPath" name="Favorites" time="0">
    <skipped/>
  </testcase>
  <testcase classname="ProductDescriptionPage.HappyPath" name="MultiImagesIfExists" time="0">
    <skipped/>
  </testcase>
  <testcase classname="ProductDescriptionPage.HappyPath" name="PDPElementsExists" time="0">
    <skipped/>
  </testcase>
  <testcase classname="ProductDescriptionPage.HappyPath" name="QauntityButton" time="0">
    <skipped/>
  </testcase>
</testsuite>