<?xml version="1.0" encoding="UTF-8"?>
<testng-results skipped="0" failed="0" total="1" passed="1">
  <reporter-output>
  </reporter-output>
  <suite name="Default suite" duration-ms="37142" started-at="2017-04-29T21:28:41Z" finished-at="2017-04-29T21:29:19Z">
    <groups>
    </groups>
    <test name="Default test" duration-ms="37142" started-at="2017-04-29T21:28:41Z" finished-at="2017-04-29T21:29:19Z">
      <class name="FacebookLogin.HappyPath">
        <test-method status="PASS" signature="beforeClass()[pri:0, instance:FacebookLogin.HappyPath@68c4039c]" name="beforeClass" is-config="true" duration-ms="6697" started-at="2017-04-30T01:28:41Z" finished-at="2017-04-30T01:28:48Z">
          <reporter-output>
          </reporter-output>
        </test-method> <!-- beforeClass -->
        <test-method status="PASS" signature="testLogin()[pri:0, instance:FacebookLogin.HappyPath@68c4039c]" name="testLogin" duration-ms="30269" started-at="2017-04-30T01:28:48Z" finished-at="2017-04-30T01:29:18Z">
          <reporter-output>
          </reporter-output>
        </test-method> <!-- testLogin -->
        <test-method status="PASS" signature="afterClass()[pri:0, instance:FacebookLogin.HappyPath@68c4039c]" name="afterClass" is-config="true" duration-ms="167" started-at="2017-04-30T01:29:18Z" finished-at="2017-04-30T01:29:19Z">
          <reporter-output>
          </reporter-output>
        </test-method> <!-- afterClass -->
      </class> <!-- FacebookLogin.HappyPath -->
    </test> <!-- Default test -->
  </suite> <!-- Default suite -->
</testng-results>
