<?xml version="1.0" encoding="UTF-8"?>
<testng-results skipped="0" failed="0" total="1" passed="1">
  <reporter-output>
  </reporter-output>
  <suite name="Default suite" duration-ms="58232" started-at="2017-05-07T21:58:48Z" finished-at="2017-05-07T21:59:46Z">
    <groups>
    </groups>
    <test name="Default test" duration-ms="58232" started-at="2017-05-07T21:58:48Z" finished-at="2017-05-07T21:59:46Z">
      <class name="FacebookLogin.HappyPath">
        <test-method status="PASS" signature="beforeClass()[pri:0, instance:FacebookLogin.HappyPath@343f4d3d]" name="beforeClass" is-config="true" duration-ms="36696" started-at="2017-05-08T01:58:48Z" finished-at="2017-05-08T01:59:24Z">
          <reporter-output>
          </reporter-output>
        </test-method> <!-- beforeClass -->
        <test-method status="PASS" signature="testLogin()[pri:0, instance:FacebookLogin.HappyPath@343f4d3d]" name="testLogin" duration-ms="20792" started-at="2017-05-08T01:59:24Z" finished-at="2017-05-08T01:59:45Z">
          <reporter-output>
          </reporter-output>
        </test-method> <!-- testLogin -->
        <test-method status="PASS" signature="afterClass()[pri:0, instance:FacebookLogin.HappyPath@343f4d3d]" name="afterClass" is-config="true" duration-ms="735" started-at="2017-05-08T01:59:45Z" finished-at="2017-05-08T01:59:46Z">
          <reporter-output>
          </reporter-output>
        </test-method> <!-- afterClass -->
      </class> <!-- FacebookLogin.HappyPath -->
    </test> <!-- Default test -->
  </suite> <!-- Default suite -->
</testng-results>
